make all --print-data-base --no-builtin-variables --no-builtin-rules --question
# GNU Make 4.2.1
# Built for x86_64-pc-linux-gnu
# Copyright (C) 1988-2016 Free Software Foundation, Inc.
# License GPLv3+: GNU GPL version 3 or later <http://gnu.org/licenses/gpl.html>
# This is free software: you are free to change and redistribute it.
# There is NO WARRANTY, to the extent permitted by law.

# Make data base, printed on Tue May 11 19:43:38 2021

# Variables

# 'override' directive
GNUMAKEFLAGS := 
# automatic
<D = $(patsubst %/,%,$(dir $<))
# automatic
?F = $(notdir $?)
# environment
DESKTOP_SESSION = ubuntu
# default
.SHELLFLAGS := -c
# environment
XDG_SESSION_CLASS = user
# environment
SNAP_COMMON = /var/snap/code/common
# environment
XDG_SESSION_TYPE = x11
# environment
VSCODE_LOG_NATIVE = false
# automatic
?D = $(patsubst %/,%,$(dir $?))
# environment
IM_CONFIG_PHASE = 1
# automatic
@D = $(patsubst %/,%,$(dir $@))
# environment
XAUTHORITY = /run/user/1000/gdm/Xauthority
# environment
GDMSESSION = ubuntu
# environment
XMODIFIERS = @im=ibus
# makefile
CURDIR := /home/lutfee/CPE111 - Project
# makefile
SHELL = /bin/sh
# environment
SNAP_DATA = /var/snap/code/63
# environment
VSCODE_NLS_CONFIG = {"locale":"en-us","availableLanguages":{},"_languagePackSupport":true}
# environment
JOURNAL_STREAM = 8:77420
# environment
XDG_CONFIG_DIRS = /etc/xdg/xdg-ubuntu:/etc/xdg
# environment
SNAP_INSTANCE_NAME = code
# environment
SNAP_ARCH = amd64
# makefile (from 'Makefile', line 1)
MAKEFILE_LIST :=  Makefile
# automatic
@F = $(notdir $@)
# environment
GIO_LAUNCHED_DESKTOP_FILE = /var/lib/snapd/desktop/applications/code_code.desktop
# environment
USERNAME = lutfee
# environment
XDG_DATA_DIRS = /usr/share/ubuntu:/usr/local/share/:/usr/share/:/var/lib/snapd/desktop
# environment
DBUS_SESSION_BUS_ADDRESS = unix:path=/run/user/1000/bus
# environment
VSCODE_VERBOSE_LOGGING = true
# environment
_ = /snap/code/63/usr/share/code/code
# environment
MANAGERPID = 1559
# environment
LESSOPEN = | /usr/bin/lesspipe %s
# environment
VSCODE_CWD = /home/lutfee
# environment
GSETTINGS_SCHEMA_DIR = /snap/code/63/usr/share/glib-2.0/schemas
# default
MAKE_HOST := x86_64-pc-linux-gnu
# environment
PATH = /usr/local/sbin:/usr/local/bin:/usr/sbin:/usr/bin:/sbin:/bin:/usr/games:/usr/local/games:/snap/bin
# environment
GPG_AGENT_INFO = /run/user/1000/gnupg/S.gpg-agent:0:1
# makefile (from 'Makefile', line 22)
SRCPATH = $(addprefix src/,$(SOURCE))
# environment
SESSION_MANAGER = local/ubuntu:@/tmp/.ICE-unix/1787,unix/ubuntu:/tmp/.ICE-unix/1787
# environment
XDG_RUNTIME_DIR = /run/user/1000
# environment
GDK_PIXBUF_MODULE_FILE = /home/lutfee/snap/code/common/.cache/gdk-pixbuf-loaders.cache
# makefile (from 'Makefile', line 21)
OBJECT = $(addsuffix .o,$(PROGRAM))
# environment
SNAP = /snap/code/63
# environment
SNAP_VERSION = cfa2e218
# environment
XDG_MENU_PREFIX = gnome-
# environment
VSCODE_LOG_STACK = false
# environment
DISABLE_WAYLAND = 1
# environment
VSCODE_CRASH_REPORTER_START_OPTIONS = {"companyName":"Microsoft","productName":"VSCode","submitURL":"appcenter://code?aid=fba07a4d-84bd-4fc8-a125-9640fc8ce171&uid=68f9bf43-54a1-417b-b9d2-f703f7802af7&iid=68f9bf43-54a1-417b-b9d2-f703f7802af7&sid=68f9bf43-54a1-417b-b9d2-f703f7802af7","uploadToServer":true}
# environment
INVOCATION_ID = 62fc9b8ed64b4ae785bb3ff1ac41f489
# environment
GDK_PIXBUF_MODULEDIR = /snap/code/63/usr/lib/x86_64-linux-gnu/gdk-pixbuf-2.0/2.10.0/loaders
# default
.FEATURES := target-specific order-only second-expansion else-if shortest-stem undefine oneshell archives jobserver output-sync check-symlink load
# environment
LS_COLORS = 
# environment
XDG_SESSION_DESKTOP = ubuntu
# environment
SSH_AUTH_SOCK = /run/user/1000/keyring/ssh
# environment
GIO_LAUNCHED_DESKTOP_FILE_PID = 2327
# automatic
%F = $(notdir $%)
# environment
DISPLAY = :0
# environment
VSCODE_PIPE_LOGGING = true
# environment
SNAP_INSTANCE_KEY = 
# environment
PWD = /home/lutfee/CPE111 - Project
# default
.LOADED := 
# environment
SSH_AGENT_PID = 1749
# environment
ORIGINAL_XDG_CURRENT_DESKTOP = Unity
# environment
GTK_MODULES = gail:atk-bridge
# environment
VSCODE_AMD_ENTRYPOINT = vs/workbench/services/extensions/node/extensionHostProcess
# environment
HOME = /home/lutfee
# environment
LESSCLOSE = /usr/bin/lesspipe %s %s
# environment
VSCODE_CLI = 1
# environment
LOGNAME = lutfee
# environment
APPLICATION_INSIGHTS_NO_DIAGNOSTIC_CHANNEL = true
# environment
SNAP_LIBRARY_PATH = /var/lib/snapd/lib/gl:/var/lib/snapd/lib/gl32:/var/lib/snapd/void
# environment
SNAP_CONTEXT = aAZE-Q-tOv2e1jlWYTD8gTq-d6ejGF_8_b3j7iDi3K93ujyZDsb9
# environment
ELECTRON_NO_ATTACH_CONSOLE = 1
# environment
SNAP_USER_COMMON = /home/lutfee/snap/code/common
# environment
VSCODE_HANDLES_UNCAUGHT_ERRORS = true
# environment
GNOME_DESKTOP_SESSION_ID = this-is-deprecated
# automatic
^D = $(patsubst %/,%,$(dir $^))
# environment
MAKELEVEL := 0
# environment
SNAP_REAL_HOME = /home/lutfee
# default
MAKE = $(MAKE_COMMAND)
# default
MAKECMDGOALS := all
# environment
QT_IM_MODULE = ibus
# environment
SNAP_USER_DATA = /home/lutfee/snap/code/63
# environment
SHLVL = 0
# makefile (from 'Makefile', line 10)
CC = gcc
# makefile (from 'Makefile', line 25)
EXECUTABLES = src/main
# environment
GNOME_SHELL_SESSION_MODE = ubuntu
# makefile (from 'Makefile', line 12)
ODIR = bin
# environment
VSCODE_IPC_HOOK_EXTHOST = /run/user/1000/vscode-ipc-7f927792-3c50-4a9c-8bcc-73c3423c2b4e.sock
# makefile (from 'Makefile', line 20)
SOURCE = $(addsuffix .c,$(PROGRAM))
# default
MAKE_VERSION := 4.2.1
# environment
USER = lutfee
# environment
SNAP_REVISION = 63
# makefile
.DEFAULT_GOAL := all
# environment
XDG_CURRENT_DESKTOP = Unity
# makefile (from 'Makefile', line 23)
OBJPATH = $(addprefix bin/,$(OBJECT))
# automatic
%D = $(patsubst %/,%,$(dir $%))
# makefile (from 'Makefile', line 13)
SDIR = src
# default
MAKE_COMMAND := make
# environment
VSCODE_NODE_CACHED_DATA_DIR = /home/lutfee/.config/Code/CachedData/cfa2e218100323074ac1948c885448fdf4de2a7f
# makefile (from 'Makefile', line 11)
STD = -std=c99
# default
.VARIABLES := 
# automatic
*F = $(notdir $*)
# environment
VSCODE_IPC_HOOK = /run/user/1000/vscode-a7cc1097-1.56.0-main.sock
# makefile (from 'Makefile', line 14)
PROGRAM = main linkedListQueue linkedListNetworkMod fileHandler userInterface dateCalendarManager
# environment
BAMF_DESKTOP_FILE_HINT = /var/lib/snapd/desktop/applications/code_code.desktop
# makefile
MAKEFLAGS = pqrR
# environment
MFLAGS = -pqrR
# automatic
*D = $(patsubst %/,%,$(dir $*))
# environment
BREAKPAD_DUMP_LOCATION = /home/lutfee/.config/Code/exthost Crash Reports
# automatic
+D = $(patsubst %/,%,$(dir $+))
# environment
GDK_BACKEND = x11
# automatic
+F = $(notdir $+)
# environment
QT_ACCESSIBILITY = 1
# default
MAKEFILES := 
# environment
SNAP_COOKIE = aAZE-Q-tOv2e1jlWYTD8gTq-d6ejGF_8_b3j7iDi3K93ujyZDsb9
# automatic
<F = $(notdir $<)
# environment
ELECTRON_RUN_AS_NODE = 1
# environment
SNAP_NAME = code
# environment
LC_ALL = C
# environment
GJS_DEBUG_TOPICS = JS ERROR;JS LOG
# automatic
^F = $(notdir $^)
# default
SUFFIXES := 
# environment
SNAP_REEXEC = 
# environment
CHROME_DESKTOP = code-url-handler.desktop
# environment
WINDOWPATH = 2
# default
.INCLUDE_DIRS = /usr/include /usr/local/include /usr/include
# environment
GJS_DEBUG_OUTPUT = stderr
# default
.RECIPEPREFIX := 
# environment
LANG = C
# environment
VSCODE_PID = 30845
# variable set hash-table stats:
# Load=132/1024=13%, Rehash=0, Collisions=23/181=13%

# Pattern-specific Variable Values
 

# No pattern-specific variable values.

# Directories

# . (device 2053, inode 5936848): 10 files, no impossibilities.

# 10 files, no impossibilities in 1 directories.

# Implicit Rules

# No implicit rules.

# Files

# Not a target:
src/linkedListNetworkMod.c:
#  Implicit rule search has not been done.
#  Modification time never checked.
#  File has not been updated.

# Not a target:
src/userInterface.c:
#  Implicit rule search has not been done.
#  Modification time never checked.
#  File has not been updated.

all: src/main
#  Command line target.
#  Implicit rule search has been done.
#  File does not exist.
#  File has been updated.
#  Needs to be updated (-q is set).
# variable set hash-table stats:
# Load=0/32=0%, Rehash=0, Collisions=0/7=0%

src/main: bin/main.o bin/linkedListQueue.o bin/linkedListNetworkMod.o bin/fileHandler.o bin/userInterface.o bin/dateCalendarManager.o
#  Implicit rule search has not been done.
#  Last modified 2021-05-11 19:36:46.657766788
#  File has been updated.
#  Needs to be updated (-q is set).
# variable set hash-table stats:
# Load=0/32=0%, Rehash=0, Collisions=0/7=0%
#  recipe to execute (from 'Makefile', line 48):
	$(CC) -o $(EXECUTABLES) $(OBJPATH)

# Not a target:
.SUFFIXES:
#  Implicit rule search has not been done.
#  Modification time never checked.
#  File has not been updated.

# Not a target:
Makefile:
#  Implicit rule search has been done.
#  Last modified 2021-05-11 03:46:07.259899431
#  File has been updated.
#  Successfully updated.

bin/fileHandler.o: src/fileHandler.c
#  Implicit rule search has not been done.
#  Modification time never checked.
#  File has not been updated.
#  recipe to execute (from 'Makefile', line 36):
	$(CC) -c -g $(STD) $(SDIR)/fileHandler.c -o $(ODIR)/fileHandler.o

bin/linkedListNetworkMod.o: src/linkedListNetworkMod.c
#  Implicit rule search has not been done.
#  Modification time never checked.
#  File has not been updated.
#  recipe to execute (from 'Makefile', line 33):
	$(CC) -c -g $(STD) $(SDIR)/linkedListNetworkMod.c -o $(ODIR)/linkedListNetworkMod.o

bin/userInterface.o: src/userInterface.c
#  Implicit rule search has not been done.
#  Modification time never checked.
#  File has not been updated.
#  recipe to execute (from 'Makefile', line 39):
	$(CC) -c -g $(STD) $(SDIR)/userInterface.c -o $(ODIR)/userInterface.o

# Not a target:
src/main.c:
#  Implicit rule search has been done.
#  Last modified 2021-05-11 19:40:43.464674799
#  File has been updated.
#  Successfully updated.

# Not a target:
src/dateCalendarManager.c:
#  Implicit rule search has not been done.
#  Modification time never checked.
#  File has not been updated.

# Not a target:
src/linkedListQueue.c:
#  Implicit rule search has not been done.
#  Modification time never checked.
#  File has not been updated.

sclean:
#  Implicit rule search has not been done.
#  Modification time never checked.
#  File has not been updated.
#  recipe to execute (from 'Makefile', line 55):
	- rm %(ODIR)/*.o

# Not a target:
.DEFAULT:
#  Implicit rule search has not been done.
#  Modification time never checked.
#  File has not been updated.

clean:
#  Implicit rule search has not been done.
#  Modification time never checked.
#  File has not been updated.
#  recipe to execute (from 'Makefile', line 51):
	- rm $(ODIR)/*.o
	- rm $(EXECUTABLES)

bin/main.o: src/main.c
#  Implicit rule search has not been done.
#  Implicit/static pattern stem: ''
#  Last modified 2021-05-11 19:36:46.601767081
#  File has been updated.
#  Needs to be updated (-q is set).
# automatic
# @ := bin/main.o
# automatic
# % := 
# automatic
# * := 
# automatic
# + := src/main.c
# automatic
# | := 
# automatic
# < := src/main.c
# automatic
# ^ := src/main.c
# automatic
# ? := src/main.c
# variable set hash-table stats:
# Load=8/32=25%, Rehash=0, Collisions=1/15=7%
#  recipe to execute (from 'Makefile', line 45):
	$(CC) -c -g $(STD) $(SDIR)/main.c -o $(ODIR)/main.o

bin/dateCalendarManager.o: src/dateCalendarManager.c
#  Implicit rule search has not been done.
#  Modification time never checked.
#  File has not been updated.
#  recipe to execute (from 'Makefile', line 42):
	$(CC) -c -g -I $(STD) $(SDIR)/dateCalendarManager.c -o $(ODIR)/dateCalendarManager.o

bin/linkedListQueue.o: src/linkedListQueue.c
#  Implicit rule search has not been done.
#  Modification time never checked.
#  File has not been updated.
#  recipe to execute (from 'Makefile', line 30):
	$(CC) -c -g $(STD) $(SDIR)/linkedListQueue.c -o $(ODIR)/linkedListQueue.o

# Not a target:
src/fileHandler.c:
#  Implicit rule search has not been done.
#  Modification time never checked.
#  File has not been updated.

# files hash-table stats:
# Load=19/1024=2%, Rehash=0, Collisions=1/45=2%
# VPATH Search Paths

# No 'vpath' search paths.

# No general ('VPATH' variable) search path.

# strcache buffers: 1 (0) / strings = 30 / storage = 396 B / avg = 13 B
# current buf: size = 8162 B / used = 396 B / count = 30 / avg = 13 B

# strcache performance: lookups = 53 / hit rate = 43%
# hash-table stats:
# Load=30/8192=0%, Rehash=0, Collisions=1/53=2%
# Finished Make data base on Tue May 11 19:43:38 2021

 
